app/build/intermediates/manifest_merge_blame_file/release/manifest-merger-blame-release-report.txt
1<?xml version="1.0" encoding="utf-8"?>
2<manifest xmlns:android="http://schemas.android.com/apk/res/android"
3    package="com.alcachofra.elderoid"
4    android:versionCode="7"
5    android:versionName="7.0" >
6
7    <uses-sdk
8        android:minSdkVersion="19"
8-->src\main\AndroidManifest.xml
9        android:targetSdkVersion="30" />
9-->src\main\AndroidManifest.xml
10
11    <uses-permission android:name="android.permission.INTERNET" />
11-->src\main\AndroidManifest.xml:5:5-67
11-->src\main\AndroidManifest.xml:5:22-64
12    <uses-permission android:name="android.permission.ACCESS_NETWORK_STATE" />
12-->src\main\AndroidManifest.xml:6:5-79
12-->src\main\AndroidManifest.xml:6:22-76
13    <uses-permission android:name="android.permission.ACCESS_FINE_LOCATION" />
13-->src\main\AndroidManifest.xml:7:5-79
13-->src\main\AndroidManifest.xml:7:22-76
14    <uses-permission android:name="android.permission.ACCESS_COARSE_LOCATION" />
14-->src\main\AndroidManifest.xml:8:5-81
14-->src\main\AndroidManifest.xml:8:22-78
15    <uses-permission android:name="android.permission.CALL_PHONE" />
15-->src\main\AndroidManifest.xml:9:5-69
15-->src\main\AndroidManifest.xml:9:22-66
16    <uses-permission android:name="android.permission.MANAGE_OWN_CALLS" />
16-->src\main\AndroidManifest.xml:10:5-75
16-->src\main\AndroidManifest.xml:10:22-72
17    <uses-permission android:name="android.permission.READ_CONTACTS" />
17-->src\main\AndroidManifest.xml:11:5-72
17-->src\main\AndroidManifest.xml:11:22-69
18    <uses-permission android:name="android.permission.READ_PHONE_NUMBERS" />
18-->src\main\AndroidManifest.xml:12:5-77
18-->src\main\AndroidManifest.xml:12:22-74
19    <uses-permission android:name="android.permission.READ_EXTERNAL_STORAGE" />
19-->src\main\AndroidManifest.xml:13:5-80
19-->src\main\AndroidManifest.xml:13:22-77
20    <uses-permission android:name="android.permission.WRITE_CONTACTS" />
20-->src\main\AndroidManifest.xml:14:5-73
20-->src\main\AndroidManifest.xml:14:22-70
21    <uses-permission android:name="android.permission.WRITE_EXTERNAL_STORAGE" />
21-->src\main\AndroidManifest.xml:15:5-81
21-->src\main\AndroidManifest.xml:15:22-78
22    <uses-permission android:name="android.permission.CAMERA" />
22-->src\main\AndroidManifest.xml:16:5-65
22-->src\main\AndroidManifest.xml:16:22-62
23    <uses-permission android:name="android.permission.QUERY_ALL_PACKAGES" />
23-->src\main\AndroidManifest.xml:17:5-77
23-->src\main\AndroidManifest.xml:17:22-74
24
25    <uses-feature android:name="android.hardware.camera" />
25-->src\main\AndroidManifest.xml:19:5-60
25-->src\main\AndroidManifest.xml:19:19-57
26
27    <application
27-->src\main\AndroidManifest.xml:21:5-136:19
28        android:name="com.alcachofra.elderoid.Elderoid"
28-->src\main\AndroidManifest.xml:22:9-56
29        android:allowBackup="false"
29-->src\main\AndroidManifest.xml:23:9-36
30        android:appComponentFactory="androidx.core.app.CoreComponentFactory"
30-->[androidx.core:core:1.5.0] AndroidManifest.xml:24:18-86
31        android:fullBackupContent="false"
31-->src\main\AndroidManifest.xml:24:9-42
32        android:icon="@mipmap/ic_launcher"
32-->src\main\AndroidManifest.xml:25:9-43
33        android:label="@string/app_name"
33-->src\main\AndroidManifest.xml:26:9-41
34        android:requestLegacyExternalStorage="true"
34-->src\main\AndroidManifest.xml:27:9-52
35        android:roundIcon="@mipmap/ic_launcher_round"
35-->src\main\AndroidManifest.xml:28:9-54
36        android:supportsRtl="true"
36-->src\main\AndroidManifest.xml:29:9-35
37        android:theme="@style/Theme.elderoid" >
37-->src\main\AndroidManifest.xml:30:9-46
38        <provider
38-->src\main\AndroidManifest.xml:32:9-40:20
39            android:name="com.alcachofra.elderoid.utils.GenericFileProvider"
39-->src\main\AndroidManifest.xml:33:13-77
40            android:authorities="com.alcachofra.elderoid.provider"
40-->src\main\AndroidManifest.xml:34:13-67
41            android:exported="false"
41-->src\main\AndroidManifest.xml:35:13-37
42            android:grantUriPermissions="true" >
42-->src\main\AndroidManifest.xml:36:13-47
43            <meta-data
43-->src\main\AndroidManifest.xml:37:13-39:58
44                android:name="android.support.FILE_PROVIDER_PATHS"
44-->src\main\AndroidManifest.xml:38:17-67
45                android:resource="@xml/provider_paths" />
45-->src\main\AndroidManifest.xml:39:17-55
46        </provider>
47
48        <activity
48-->src\main\AndroidManifest.xml:42:9-51:20
49            android:name="com.alcachofra.elderoid.FakeLauncherActivity"
49-->src\main\AndroidManifest.xml:43:13-72
50            android:enabled="false" >
50-->src\main\AndroidManifest.xml:44:13-36
51            <intent-filter>
51-->src\main\AndroidManifest.xml:45:13-50:29
52                <action android:name="android.intent.action.MAIN" />
52-->src\main\AndroidManifest.xml:46:17-69
52-->src\main\AndroidManifest.xml:46:25-66
53
54                <category android:name="android.intent.category.HOME" />
54-->src\main\AndroidManifest.xml:48:17-73
54-->src\main\AndroidManifest.xml:48:27-70
55                <category android:name="android.intent.category.DEFAULT" />
55-->src\main\AndroidManifest.xml:49:17-76
55-->src\main\AndroidManifest.xml:49:27-73
56            </intent-filter>
57        </activity>
58        <activity android:name="com.alcachofra.elderoid.PhotoActivity" />
58-->src\main\AndroidManifest.xml:52:9-74
58-->src\main\AndroidManifest.xml:52:19-71
59        <activity
59-->src\main\AndroidManifest.xml:53:9-55:52
60            android:name="com.alcachofra.elderoid.configuration.GameSuggestionsActivity"
60-->src\main\AndroidManifest.xml:54:13-89
61            android:screenOrientation="portrait" />
61-->src\main\AndroidManifest.xml:55:13-49
62        <activity
62-->src\main\AndroidManifest.xml:56:9-58:52
63            android:name="com.alcachofra.elderoid.configuration.CallsConfigurationActivity"
63-->src\main\AndroidManifest.xml:57:13-92
64            android:screenOrientation="portrait" />
64-->src\main\AndroidManifest.xml:58:13-49
65        <activity
65-->src\main\AndroidManifest.xml:59:9-61:52
66            android:name="com.alcachofra.elderoid.configuration.ContactsConfigurationActivity"
66-->src\main\AndroidManifest.xml:60:13-95
67            android:screenOrientation="portrait" />
67-->src\main\AndroidManifest.xml:61:13-49
68        <activity
68-->src\main\AndroidManifest.xml:62:9-64:52
69            android:name="com.alcachofra.elderoid.configuration.MessagesConfigurationActivity"
69-->src\main\AndroidManifest.xml:63:13-95
70            android:screenOrientation="portrait" />
70-->src\main\AndroidManifest.xml:64:13-49
71        <activity
71-->src\main\AndroidManifest.xml:65:9-67:52
72            android:name="com.alcachofra.elderoid.configuration.AppsConfigurationActivity"
72-->src\main\AndroidManifest.xml:66:13-91
73            android:screenOrientation="portrait" />
73-->src\main\AndroidManifest.xml:67:13-49
74        <activity
74-->src\main\AndroidManifest.xml:68:9-70:52
75            android:name="com.alcachofra.elderoid.configuration.FlashlightConfigurationActivity"
75-->src\main\AndroidManifest.xml:69:13-97
76            android:screenOrientation="portrait" />
76-->src\main\AndroidManifest.xml:70:13-49
77        <activity
77-->src\main\AndroidManifest.xml:71:9-73:52
78            android:name="com.alcachofra.elderoid.configuration.PhotosConfigurationActivity"
78-->src\main\AndroidManifest.xml:72:13-93
79            android:screenOrientation="portrait" />
79-->src\main\AndroidManifest.xml:73:13-49
80        <activity
80-->src\main\AndroidManifest.xml:74:9-76:52
81            android:name="com.alcachofra.elderoid.configuration.WeatherConfigurationActivity"
81-->src\main\AndroidManifest.xml:75:13-94
82            android:screenOrientation="portrait" />
82-->src\main\AndroidManifest.xml:76:13-49
83        <activity
83-->src\main\AndroidManifest.xml:77:9-79:52
84            android:name="com.alcachofra.elderoid.configuration.LangConfigurationActivity"
84-->src\main\AndroidManifest.xml:78:13-91
85            android:screenOrientation="portrait" />
85-->src\main\AndroidManifest.xml:79:13-49
86        <activity
86-->src\main\AndroidManifest.xml:80:9-82:52
87            android:name="com.alcachofra.elderoid.configuration.WelcomeConfigurationActivity"
87-->src\main\AndroidManifest.xml:81:13-94
88            android:screenOrientation="portrait" />
88-->src\main\AndroidManifest.xml:82:13-49
89        <activity
89-->src\main\AndroidManifest.xml:83:9-85:52
90            android:name="com.alcachofra.elderoid.configuration.UserConfigurationActivity"
90-->src\main\AndroidManifest.xml:84:13-91
91            android:screenOrientation="portrait" />
91-->src\main\AndroidManifest.xml:85:13-49
92        <activity
92-->src\main\AndroidManifest.xml:86:9-88:52
93            android:name="com.alcachofra.elderoid.configuration.FeaturesConfigurationActivity"
93-->src\main\AndroidManifest.xml:87:13-95
94            android:screenOrientation="portrait" />
94-->src\main\AndroidManifest.xml:88:13-49
95        <activity
95-->src\main\AndroidManifest.xml:89:9-91:52
96            android:name="com.alcachofra.elderoid.configuration.ChooseAppsConfigurationActivity"
96-->src\main\AndroidManifest.xml:90:13-97
97            android:screenOrientation="portrait" />
97-->src\main\AndroidManifest.xml:91:13-49
98        <activity
98-->src\main\AndroidManifest.xml:92:9-94:52
99            android:name="com.alcachofra.elderoid.configuration.PermissionsConfigurationActivity"
99-->src\main\AndroidManifest.xml:93:13-98
100            android:screenOrientation="portrait" />
100-->src\main\AndroidManifest.xml:94:13-49
101        <activity
101-->src\main\AndroidManifest.xml:95:9-97:52
102            android:name="com.alcachofra.elderoid.configuration.LauncherConfigurationActivity"
102-->src\main\AndroidManifest.xml:96:13-95
103            android:screenOrientation="portrait" />
103-->src\main\AndroidManifest.xml:97:13-49
104        <activity
104-->src\main\AndroidManifest.xml:98:9-100:52
105            android:name="com.alcachofra.elderoid.configuration.FinishConfigurationActivity"
105-->src\main\AndroidManifest.xml:99:13-93
106            android:screenOrientation="portrait" />
106-->src\main\AndroidManifest.xml:100:13-49
107        <activity
107-->src\main\AndroidManifest.xml:101:9-103:52
108            android:name="com.alcachofra.elderoid.ContactListActivity"
108-->src\main\AndroidManifest.xml:102:13-71
109            android:screenOrientation="portrait" />
109-->src\main\AndroidManifest.xml:103:13-49
110        <activity
110-->src\main\AndroidManifest.xml:104:9-106:52
111            android:name="com.alcachofra.elderoid.AppListActivity"
111-->src\main\AndroidManifest.xml:105:13-67
112            android:screenOrientation="portrait" />
112-->src\main\AndroidManifest.xml:106:13-49
113        <activity
113-->src\main\AndroidManifest.xml:107:9-109:52
114            android:name="com.alcachofra.elderoid.DialerActivity"
114-->src\main\AndroidManifest.xml:108:13-66
115            android:screenOrientation="portrait" />
115-->src\main\AndroidManifest.xml:109:13-49
116        <activity
116-->src\main\AndroidManifest.xml:110:9-112:52
117            android:name="com.alcachofra.elderoid.WeatherForecastActivity"
117-->src\main\AndroidManifest.xml:111:13-75
118            android:screenOrientation="portrait" />
118-->src\main\AndroidManifest.xml:112:13-49
119        <activity
119-->src\main\AndroidManifest.xml:113:9-115:52
120            android:name="com.alcachofra.elderoid.GalleryActivity"
120-->src\main\AndroidManifest.xml:114:13-67
121            android:screenOrientation="portrait" />
121-->src\main\AndroidManifest.xml:115:13-49
122        <activity
122-->src\main\AndroidManifest.xml:116:9-118:52
123            android:name="com.alcachofra.elderoid.AddContactActivity"
123-->src\main\AndroidManifest.xml:117:13-70
124            android:screenOrientation="portrait" />
124-->src\main\AndroidManifest.xml:118:13-49
125        <activity
125-->src\main\AndroidManifest.xml:119:9-121:52
126            android:name="com.alcachofra.elderoid.SettingsActivity"
126-->src\main\AndroidManifest.xml:120:13-68
127            android:screenOrientation="portrait" />
127-->src\main\AndroidManifest.xml:121:13-49
128        <activity
128-->src\main\AndroidManifest.xml:122:9-135:20
129            android:name="com.alcachofra.elderoid.MenuActivity"
129-->src\main\AndroidManifest.xml:123:13-64
130            android:launchMode="singleTask"
130-->src\main\AndroidManifest.xml:124:13-44
131            android:screenOrientation="portrait"
131-->src\main\AndroidManifest.xml:125:13-49
132            android:stateNotNeeded="true"
132-->src\main\AndroidManifest.xml:126:13-42
133            android:theme="@style/Theme.elderoid" >
133-->src\main\AndroidManifest.xml:127:13-50
134            <intent-filter>
134-->src\main\AndroidManifest.xml:128:13-134:29
135                <action android:name="android.intent.action.MAIN" />
135-->src\main\AndroidManifest.xml:46:17-69
135-->src\main\AndroidManifest.xml:46:25-66
136
137                <category android:name="android.intent.category.HOME" />
137-->src\main\AndroidManifest.xml:48:17-73
137-->src\main\AndroidManifest.xml:48:27-70
138                <category android:name="android.intent.category.DEFAULT" />
138-->src\main\AndroidManifest.xml:49:17-76
138-->src\main\AndroidManifest.xml:49:27-73
139                <category android:name="android.intent.category.LAUNCHER" />
139-->src\main\AndroidManifest.xml:133:17-77
139-->src\main\AndroidManifest.xml:133:27-74
140            </intent-filter>
141        </activity>
142    </application>
143
144</manifest>